2015-10-24 18:25:55,404 main INFO  a00869363.Gis (Gis.java:42) - Starting main method
2015-10-24 18:25:55,420 main INFO  io.PlayerFormat (PlayerFormat.java:40) - Reading player infomation file.
2015-10-24 18:25:55,607 main INFO  io.PersonaFormat (PersonaFormat.java:35) - Reading personas.dat
2015-10-24 18:25:55,607 main INFO  io.ScoreFormat (ScoreFormat.java:60) - Readings scores data file.
2015-10-24 18:25:55,638 main INFO  io.WriteToFile (WriteToFile.java:26) - Writing to leaderboard_report.txt
2015-10-24 18:28:09,753 main INFO  a00869363.Gis (Gis.java:42) - Starting main method
2015-10-24 18:28:09,765 main INFO  io.PlayerFormat (PlayerFormat.java:40) - Reading player infomation file.
2015-10-24 18:28:09,875 main INFO  io.PersonaFormat (PersonaFormat.java:35) - Reading personas.dat
2015-10-24 18:28:09,875 main INFO  io.ScoreFormat (ScoreFormat.java:60) - Readings scores data file.
2015-10-24 18:28:09,906 main INFO  io.WriteToFile (WriteToFile.java:26) - Writing to leaderboard_report.txt
2015-10-24 18:28:09,906 main INFO  io.LeaderboardReportWriter (LeaderboardReportWriter.java:61) - ------------------------------------------------------------------------------------------------------------------------
Win:Loss    Game Name               Gamertag                Platform    
------------------------------------------------------------------------------------------------------------------------
0:1         Quick Fingers           CastleRock              XB          
2:0         Colour Demon            Cirronith               PS          
1:0         Quick Fingers           Crayonbreath            PS          
2:1         Quick Fingers           Deathstar               IO          
1:1         Number Picker           GreenPanda              AN          
1:1         Quick Fingers           Ithroeann               IO          
0:1         Colour Demon            Mazzzap                 AN          
1:0         Quick Fingers           Mazzzap                 AN          
0:1         Number Picker           Mazzzap                 AN          
1:0         Number Picker           Quinesia                XB          
1:0         Colour Demon            Quinesia                XB          
1:0         Quick Fingers           Redstripe               PC          
1:0         Number Picker           Redstripe               PC          
1:1         Colour Demon            Redstripe               PC          
1:0         Number Picker           TorpedoBear             PC          
0:1         Quick Fingers           VolcanoBrawler          PC          
0:2         Number Picker           VolcanoBrawler          PC          
0:1         Colour Demon            VolcanoBrawler          PC          
------------------------------------------------------------------------------------------------------------------------
2015-10-24 18:28:41,457 main INFO  a00869363.Gis (Gis.java:42) - Starting main method
2015-10-24 18:28:41,477 main INFO  io.PlayerFormat (PlayerFormat.java:40) - Reading player infomation file.
2015-10-24 18:28:41,633 main INFO  io.PersonaFormat (PersonaFormat.java:35) - Reading personas.dat
2015-10-24 18:28:41,649 main INFO  io.ScoreFormat (ScoreFormat.java:60) - Readings scores data file.
2015-10-24 18:28:41,680 main INFO  io.WriteToFile (WriteToFile.java:26) - Writing to leaderboard_report.txt
2015-10-24 18:28:41,696 main INFO  io.LeaderboardReportWriter (LeaderboardReportWriter.java:61) - ------------------------------------------------------------------------------------------------------------------------
Win:Loss    Game Name               Gamertag                Platform    
------------------------------------------------------------------------------------------------------------------------
0:1         Quick Fingers           VolcanoBrawler          PC          
0:2         Number Picker           VolcanoBrawler          PC          
0:1         Colour Demon            VolcanoBrawler          PC          
1:0         Number Picker           TorpedoBear             PC          
1:0         Quick Fingers           Redstripe               PC          
1:0         Number Picker           Redstripe               PC          
1:1         Colour Demon            Redstripe               PC          
1:0         Number Picker           Quinesia                XB          
1:0         Colour Demon            Quinesia                XB          
0:1         Colour Demon            Mazzzap                 AN          
1:0         Quick Fingers           Mazzzap                 AN          
0:1         Number Picker           Mazzzap                 AN          
1:1         Quick Fingers           Ithroeann               IO          
1:1         Number Picker           GreenPanda              AN          
2:1         Quick Fingers           Deathstar               IO          
1:0         Quick Fingers           Crayonbreath            PS          
2:0         Colour Demon            Cirronith               PS          
0:1         Quick Fingers           CastleRock              XB          
------------------------------------------------------------------------------------------------------------------------
2015-10-24 18:28:41,696 main INFO  a00869363.Gis (Gis.java:97) - End method
2015-10-24 18:29:55,720 main INFO  a00869363.Gis (Gis.java:42) - Starting main method
2015-10-24 18:29:55,739 main INFO  io.PlayerFormat (PlayerFormat.java:40) - Reading player infomation file.
2015-10-24 18:29:55,911 main INFO  io.PersonaFormat (PersonaFormat.java:35) - Reading personas.dat
2015-10-24 18:29:55,911 main INFO  io.ScoreFormat (ScoreFormat.java:60) - Readings scores data file.
2015-10-24 18:29:55,958 main INFO  io.WriteToFile (WriteToFile.java:26) - Writing to leaderboard_report.txt
2015-10-24 18:29:55,958 main INFO  io.LeaderboardReportWriter (LeaderboardReportWriter.java:61) - ------------------------------------------------------------------------------------------------------------------------
Win:Loss    Game Name               Gamertag                Platform    
------------------------------------------------------------------------------------------------------------------------
0:1         Quick Fingers           VolcanoBrawler          PC          
0:2         Number Picker           VolcanoBrawler          PC          
0:1         Colour Demon            VolcanoBrawler          PC          
1:0         Number Picker           TorpedoBear             PC          
1:0         Quick Fingers           Redstripe               PC          
1:0         Number Picker           Redstripe               PC          
1:1         Colour Demon            Redstripe               PC          
1:0         Number Picker           Quinesia                XB          
1:0         Colour Demon            Quinesia                XB          
0:1         Colour Demon            Mazzzap                 AN          
1:0         Quick Fingers           Mazzzap                 AN          
0:1         Number Picker           Mazzzap                 AN          
1:1         Quick Fingers           Ithroeann               IO          
1:1         Number Picker           GreenPanda              AN          
2:1         Quick Fingers           Deathstar               IO          
1:0         Quick Fingers           Crayonbreath            PS          
2:0         Colour Demon            Cirronith               PS          
0:1         Quick Fingers           CastleRock              XB          
------------------------------------------------------------------------------------------------------------------------
2015-10-24 18:29:55,958 main INFO  io.LeaderboardReportWriter (LeaderboardReportWriter.java:175) - 
Number Picker: 8
Quick Fingers: 10
Colour Demon: 7

2015-10-24 18:29:55,958 main INFO  a00869363.Gis (Gis.java:97) - End method
2015-11-14 21:40:05,814 AWT-EventQueue-0 INFO  io.PlayerFormat (PlayerFormat.java:40) - Reading player infomation file.
2015-11-14 21:40:20,416 AWT-EventQueue-0 INFO  io.PlayerFormat (PlayerFormat.java:40) - Reading player infomation file.
2015-11-14 21:40:52,287 AWT-EventQueue-0 INFO  io.PlayerFormat (PlayerFormat.java:40) - Reading player infomation file.
2015-11-14 21:41:08,554 AWT-EventQueue-0 INFO  io.PlayerFormat (PlayerFormat.java:40) - Reading player infomation file.
2015-11-14 21:42:36,666 AWT-EventQueue-0 INFO  io.PlayerFormat (PlayerFormat.java:40) - Reading player infomation file.
2015-11-14 21:47:46,181 AWT-EventQueue-0 INFO  io.PlayerFormat (PlayerFormat.java:40) - Reading player infomation file.
2015-11-14 21:48:16,987 AWT-EventQueue-0 INFO  io.PlayerFormat (PlayerFormat.java:40) - Reading player infomation file.
2015-11-14 21:49:02,330 AWT-EventQueue-0 INFO  io.PlayerFormat (PlayerFormat.java:40) - Reading player infomation file.
2015-11-14 21:49:55,195 AWT-EventQueue-0 INFO  io.PlayerFormat (PlayerFormat.java:40) - Reading player infomation file.
2015-11-14 21:52:44,535 AWT-EventQueue-0 INFO  io.PlayerFormat (PlayerFormat.java:40) - Reading player infomation file.
2015-11-14 21:54:20,102 AWT-EventQueue-0 INFO  io.PlayerFormat (PlayerFormat.java:40) - Reading player infomation file.
2015-11-14 21:56:38,670 AWT-EventQueue-0 INFO  io.PlayerFormat (PlayerFormat.java:40) - Reading player infomation file.
2015-11-14 21:58:30,899 AWT-EventQueue-0 INFO  io.PlayerFormat (PlayerFormat.java:40) - Reading player infomation file.
2015-11-15 16:02:42,779 main INFO  a00869363.Gis (Gis.java:43) - Starting main method
2015-11-15 16:02:42,796 main ERROR dao.Database (Database.java:48) - Class couldn't be loaded.
2015-11-15 16:04:12,112 main INFO  a00869363.Gis (Gis.java:43) - Starting main method
2015-11-15 16:04:12,127 main ERROR dao.Database (Database.java:48) - Class couldn't be loaded.
2015-11-15 16:05:31,157 main INFO  a00869363.Gis (Gis.java:43) - Starting main method
2015-11-15 16:05:31,164 main ERROR dao.Database (Database.java:48) - Class couldn't be loaded.
2015-11-15 16:12:05,076 main INFO  a00869363.Gis (Gis.java:43) - Starting main method
2015-11-15 16:12:05,872 main ERROR dao.Database (Database.java:50) - SQL syntax error.
2015-11-15 16:15:32,013 main INFO  a00869363.Gis (Gis.java:43) - Starting main method
2015-11-15 16:15:32,748 main ERROR dao.Database (Database.java:50) - SQL syntax error.
2015-11-15 16:17:29,909 main INFO  a00869363.Gis (Gis.java:43) - Starting main method
2015-11-15 16:17:30,653 main ERROR dao.Database (Database.java:50) - SQL syntax error.
2015-11-15 16:20:13,305 main INFO  a00869363.Gis (Gis.java:43) - Starting main method
2015-11-15 16:20:14,055 main ERROR dao.Database (Database.java:50) - SQL syntax error.
2015-11-15 16:22:00,766 main INFO  a00869363.Gis (Gis.java:43) - Starting main method
2015-11-15 16:22:01,507 main ERROR dao.Database (Database.java:50) - SQL syntax error.
2015-11-15 16:30:47,435 main INFO  a00869363.Gis (Gis.java:43) - Starting main method
2015-11-15 16:30:48,186 main ERROR dao.Database (Database.java:50) - SQL syntax error.
2015-11-15 16:35:03,132 main INFO  a00869363.Gis (Gis.java:43) - Starting main method
2015-11-15 16:35:04,088 main INFO  io.PlayerFormat (PlayerFormat.java:49) - Reading player infomation file.
2015-11-15 16:35:04,302 main ERROR io.PlayerFormat (PlayerFormat.java:59) - Error in adding player. Class: PlayerFormat.
2015-11-15 16:35:04,302 main INFO  io.PersonaFormat (PersonaFormat.java:35) - Reading personas.dat
2015-11-15 16:35:04,323 main INFO  io.ScoreFormat (ScoreFormat.java:60) - Readings scores data file.
2015-11-15 16:35:04,371 main INFO  io.WriteToFile (WriteToFile.java:26) - Writing to leaderboard_report.txt
2015-11-15 16:35:04,383 main INFO  io.LeaderboardReportWriter (LeaderboardReportWriter.java:61) - ------------------------------------------------------------------------------------------------------------------------
Win:Loss    Game Name               Gamertag                Platform    
------------------------------------------------------------------------------------------------------------------------
0:1         Quick Fingers           CastleRock              XB          
2:0         Colour Demon            Cirronith               PS          
1:0         Quick Fingers           Crayonbreath            PS          
2:1         Quick Fingers           Deathstar               IO          
1:1         Number Picker           GreenPanda              AN          
1:1         Quick Fingers           Ithroeann               IO          
0:1         Colour Demon            Mazzzap                 AN          
1:0         Quick Fingers           Mazzzap                 AN          
0:1         Number Picker           Mazzzap                 AN          
1:0         Number Picker           Quinesia                XB          
1:0         Colour Demon            Quinesia                XB          
1:0         Quick Fingers           Redstripe               PC          
1:0         Number Picker           Redstripe               PC          
1:1         Colour Demon            Redstripe               PC          
1:0         Number Picker           TorpedoBear             PC          
0:1         Quick Fingers           VolcanoBrawler          PC          
0:2         Number Picker           VolcanoBrawler          PC          
0:1         Colour Demon            VolcanoBrawler          PC          
------------------------------------------------------------------------------------------------------------------------
2015-11-15 16:37:15,857 main INFO  a00869363.Gis (Gis.java:43) - Starting main method
2015-11-15 16:37:16,652 main ERROR dao.Database (Database.java:50) - SQL syntax error.
2015-11-15 16:38:22,953 main INFO  a00869363.Gis (Gis.java:43) - Starting main method
2015-11-15 16:38:23,858 main INFO  io.PlayerFormat (PlayerFormat.java:49) - Reading player infomation file.
2015-11-15 16:38:24,048 main ERROR io.PlayerFormat (PlayerFormat.java:59) - Error in adding player. Class: PlayerFormat.
2015-11-15 16:38:24,048 main INFO  io.PersonaFormat (PersonaFormat.java:35) - Reading personas.dat
2015-11-15 16:38:24,064 main INFO  io.ScoreFormat (ScoreFormat.java:60) - Readings scores data file.
2015-11-15 16:38:24,095 main INFO  io.WriteToFile (WriteToFile.java:26) - Writing to leaderboard_report.txt
2015-11-15 16:38:24,111 main INFO  io.LeaderboardReportWriter (LeaderboardReportWriter.java:61) - ------------------------------------------------------------------------------------------------------------------------
Win:Loss    Game Name               Gamertag                Platform    
------------------------------------------------------------------------------------------------------------------------
0:1         Quick Fingers           CastleRock              XB          
2:0         Colour Demon            Cirronith               PS          
1:0         Quick Fingers           Crayonbreath            PS          
2:1         Quick Fingers           Deathstar               IO          
1:1         Number Picker           GreenPanda              AN          
1:1         Quick Fingers           Ithroeann               IO          
0:1         Colour Demon            Mazzzap                 AN          
1:0         Quick Fingers           Mazzzap                 AN          
0:1         Number Picker           Mazzzap                 AN          
1:0         Number Picker           Quinesia                XB          
1:0         Colour Demon            Quinesia                XB          
1:0         Quick Fingers           Redstripe               PC          
1:0         Number Picker           Redstripe               PC          
1:1         Colour Demon            Redstripe               PC          
1:0         Number Picker           TorpedoBear             PC          
0:1         Quick Fingers           VolcanoBrawler          PC          
0:2         Number Picker           VolcanoBrawler          PC          
0:1         Colour Demon            VolcanoBrawler          PC          
------------------------------------------------------------------------------------------------------------------------
2015-11-15 17:00:22,274 main INFO  a00869363.Gis (Gis.java:43) - Starting main method
2015-11-15 17:00:23,156 main INFO  io.PlayerFormat (PlayerFormat.java:49) - Reading player infomation file.
2015-11-15 17:00:23,350 main INFO  io.PersonaFormat (PersonaFormat.java:38) - Reading personas.dat
2015-11-15 17:00:23,393 main ERROR io.PersonaFormat (PersonaFormat.java:46) - Error creating personas table. Class: PersonaFormat. Method: Constructor
2015-11-15 17:06:18,778 main INFO  a00869363.Gis (Gis.java:43) - Starting main method
2015-11-15 17:06:19,580 main INFO  io.PlayerFormat (PlayerFormat.java:49) - Reading player infomation file.
2015-11-15 17:06:19,745 main INFO  io.PersonaFormat (PersonaFormat.java:38) - Reading personas.dat
2015-11-15 17:06:54,076 main INFO  a00869363.Gis (Gis.java:43) - Starting main method
2015-11-15 17:06:54,967 main INFO  io.PlayerFormat (PlayerFormat.java:49) - Reading player infomation file.
2015-11-15 17:06:55,124 main INFO  io.PersonaFormat (PersonaFormat.java:38) - Reading personas.dat
2015-11-15 17:17:46,242 main INFO  a00869363.Gis (Gis.java:43) - Starting main method
2015-11-15 17:17:47,125 main INFO  io.PlayerFormat (PlayerFormat.java:49) - Reading player infomation file.
2015-11-15 17:17:47,295 main INFO  io.PersonaFormat (PersonaFormat.java:38) - Reading personas.dat
2015-11-15 17:18:26,183 main INFO  a00869363.Gis (Gis.java:43) - Starting main method
2015-11-15 17:18:27,066 main INFO  io.PlayerFormat (PlayerFormat.java:49) - Reading player infomation file.
2015-11-15 17:18:27,285 main INFO  io.PersonaFormat (PersonaFormat.java:38) - Reading personas.dat
2015-11-15 17:18:27,443 main INFO  io.ScoreFormat (ScoreFormat.java:71) - Readings scores data file.
2015-11-15 17:24:28,080 main INFO  a00869363.Gis (Gis.java:43) - Starting main method
2015-11-15 17:24:29,001 main INFO  io.PlayerFormat (PlayerFormat.java:49) - Reading player infomation file.
2015-11-15 17:24:29,175 main INFO  io.PersonaFormat (PersonaFormat.java:38) - Reading personas.dat
2015-11-15 17:24:29,338 main INFO  io.ScoreFormat (ScoreFormat.java:71) - Readings scores data file.
2015-11-15 17:26:04,183 main INFO  a00869363.Gis (Gis.java:43) - Starting main method
2015-11-15 17:26:05,083 main INFO  io.PlayerFormat (PlayerFormat.java:49) - Reading player infomation file.
2015-11-15 17:26:05,239 main INFO  io.PersonaFormat (PersonaFormat.java:38) - Reading personas.dat
2015-11-15 17:26:05,474 main INFO  io.ScoreFormat (ScoreFormat.java:71) - Readings scores data file.
2015-11-15 17:27:01,060 main INFO  a00869363.Gis (Gis.java:43) - Starting main method
2015-11-15 17:27:01,065 main ERROR dao.Database (Database.java:48) - Class couldn't be loaded.
2015-11-15 17:30:55,800 main INFO  a00869363.Gis (Gis.java:43) - Starting main method
2015-11-15 17:30:58,576 main INFO  io.PlayerFormat (PlayerFormat.java:49) - Reading player infomation file.
2015-11-15 17:30:58,814 main INFO  io.PersonaFormat (PersonaFormat.java:38) - Reading personas.dat
2015-11-15 17:30:59,033 main INFO  io.ScoreFormat (ScoreFormat.java:71) - Readings scores data file.
2015-11-15 17:31:48,624 main INFO  a00869363.Gis (Gis.java:43) - Starting main method
2015-11-15 17:31:49,596 main INFO  io.PlayerFormat (PlayerFormat.java:49) - Reading player infomation file.
2015-11-15 17:31:49,768 main INFO  io.PersonaFormat (PersonaFormat.java:38) - Reading personas.dat
2015-11-15 17:31:49,994 main INFO  io.ScoreFormat (ScoreFormat.java:71) - Readings scores data file.
2015-11-15 18:03:06,457 main INFO  a00869363.Gis (Gis.java:43) - Starting main method
2015-11-15 18:03:07,529 main INFO  io.PlayerFormat (PlayerFormat.java:49) - Reading player infomation file.
2015-11-15 18:03:07,693 main INFO  io.PersonaFormat (PersonaFormat.java:39) - Reading personas.dat
2015-11-15 18:05:05,358 main INFO  a00869363.Gis (Gis.java:43) - Starting main method
2015-11-15 18:05:06,391 main INFO  io.PlayerFormat (PlayerFormat.java:49) - Reading player infomation file.
2015-11-15 18:05:06,553 main INFO  io.PersonaFormat (PersonaFormat.java:39) - Reading personas.dat
2015-11-15 18:05:06,787 main INFO  io.ScoreFormat (ScoreFormat.java:71) - Readings scores data file.
2015-11-15 18:05:43,813 main INFO  a00869363.Gis (Gis.java:43) - Starting main method
2015-11-15 18:05:44,756 main INFO  io.PlayerFormat (PlayerFormat.java:49) - Reading player infomation file.
2015-11-15 18:05:44,915 main INFO  io.PersonaFormat (PersonaFormat.java:39) - Reading personas.dat
2015-11-15 18:06:38,925 main INFO  a00869363.Gis (Gis.java:43) - Starting main method
2015-11-15 18:06:39,902 main INFO  io.PlayerFormat (PlayerFormat.java:49) - Reading player infomation file.
2015-11-15 18:06:40,074 main INFO  io.PersonaFormat (PersonaFormat.java:39) - Reading personas.dat
2015-11-15 18:08:12,252 main INFO  a00869363.Gis (Gis.java:43) - Starting main method
2015-11-15 18:08:13,225 main INFO  io.PlayerFormat (PlayerFormat.java:49) - Reading player infomation file.
2015-11-15 18:08:13,405 main INFO  io.PersonaFormat (PersonaFormat.java:39) - Reading personas.dat
2015-11-15 18:17:39,603 main INFO  a00869363.Gis (Gis.java:43) - Starting main method
2015-11-15 18:17:40,534 main INFO  io.PlayerFormat (PlayerFormat.java:49) - Reading player infomation file.
2015-11-15 18:17:40,706 main INFO  io.PersonaFormat (PersonaFormat.java:39) - Reading personas.dat
2015-11-15 18:20:29,347 main INFO  a00869363.Gis (Gis.java:43) - Starting main method
2015-11-15 18:20:30,293 main INFO  io.PlayerFormat (PlayerFormat.java:49) - Reading player infomation file.
2015-11-15 18:20:30,465 main INFO  io.PersonaFormat (PersonaFormat.java:39) - Reading personas.dat
2015-11-15 18:21:25,843 main INFO  a00869363.Gis (Gis.java:43) - Starting main method
2015-11-15 18:21:26,814 main INFO  io.PlayerFormat (PlayerFormat.java:49) - Reading player infomation file.
2015-11-15 18:21:26,986 main INFO  io.PersonaFormat (PersonaFormat.java:39) - Reading personas.dat
2015-11-15 18:22:19,877 main INFO  a00869363.Gis (Gis.java:43) - Starting main method
2015-11-15 18:22:20,897 main INFO  io.PlayerFormat (PlayerFormat.java:49) - Reading player infomation file.
2015-11-15 18:22:21,056 main INFO  io.PersonaFormat (PersonaFormat.java:39) - Reading personas.dat
2015-11-15 18:24:21,572 main INFO  a00869363.Gis (Gis.java:43) - Starting main method
2015-11-15 18:24:22,500 main INFO  io.PlayerFormat (PlayerFormat.java:49) - Reading player infomation file.
2015-11-15 18:24:22,672 main INFO  io.PersonaFormat (PersonaFormat.java:39) - Reading personas.dat
2015-11-15 18:25:13,272 main INFO  a00869363.Gis (Gis.java:43) - Starting main method
2015-11-15 18:25:14,210 main INFO  io.PlayerFormat (PlayerFormat.java:49) - Reading player infomation file.
2015-11-15 18:25:14,382 main INFO  io.PersonaFormat (PersonaFormat.java:39) - Reading personas.dat
2015-11-15 18:25:57,178 main INFO  a00869363.Gis (Gis.java:43) - Starting main method
2015-11-15 18:25:58,147 main INFO  io.PlayerFormat (PlayerFormat.java:49) - Reading player infomation file.
2015-11-15 18:25:58,314 main INFO  io.PersonaFormat (PersonaFormat.java:39) - Reading personas.dat
2015-11-15 18:29:46,275 main INFO  a00869363.Gis (Gis.java:43) - Starting main method
2015-11-15 18:29:47,243 main INFO  io.PlayerFormat (PlayerFormat.java:49) - Reading player infomation file.
2015-11-15 18:29:47,438 main INFO  io.PersonaFormat (PersonaFormat.java:39) - Reading personas.dat
2015-11-15 18:29:47,744 main INFO  io.ScoreFormat (ScoreFormat.java:71) - Readings scores data file.
2015-11-15 18:37:06,661 main INFO  a00869363.Gis (Gis.java:43) - Starting main method
2015-11-15 18:37:07,662 main INFO  io.PlayerFormat (PlayerFormat.java:49) - Reading player infomation file.
2015-11-15 18:37:07,818 main INFO  io.PersonaFormat (PersonaFormat.java:39) - Reading personas.dat
2015-11-15 18:37:08,114 main INFO  io.ScoreFormat (ScoreFormat.java:71) - Readings scores data file.
2015-11-15 19:27:11,888 main INFO  a00869363.Gis (Gis.java:43) - Starting main method
2015-11-15 19:27:12,910 main INFO  io.PlayerFormat (PlayerFormat.java:49) - Reading player infomation file.
2015-11-15 19:27:13,162 main INFO  io.PersonaFormat (PersonaFormat.java:39) - Reading personas.dat
2015-11-15 19:27:13,396 main INFO  io.ScoreFormat (ScoreFormat.java:76) - Readings scores data file.
2015-11-15 19:27:13,662 main ERROR io.LeaderboardReportWriter (LeaderboardReportWriter.java:51) - Could not create leaderboard table. Class: LeaderboardReportWriter. Method: Constructor.
2015-11-15 19:31:21,140 main INFO  a00869363.Gis (Gis.java:43) - Starting main method
2015-11-15 19:31:22,099 main INFO  io.PlayerFormat (PlayerFormat.java:49) - Reading player infomation file.
2015-11-15 19:31:22,271 main INFO  io.PersonaFormat (PersonaFormat.java:39) - Reading personas.dat
2015-11-15 19:31:22,496 main INFO  io.ScoreFormat (ScoreFormat.java:76) - Readings scores data file.
2015-11-15 19:31:22,800 main ERROR io.LeaderboardReportWriter (LeaderboardReportWriter.java:51) - Could not create leaderboard table. Class: LeaderboardReportWriter. Method: Constructor.
2015-11-15 19:31:55,627 main INFO  a00869363.Gis (Gis.java:43) - Starting main method
2015-11-15 19:31:56,568 main INFO  io.PlayerFormat (PlayerFormat.java:49) - Reading player infomation file.
2015-11-15 19:31:56,724 main INFO  io.PersonaFormat (PersonaFormat.java:39) - Reading personas.dat
2015-11-15 19:31:56,945 main INFO  io.ScoreFormat (ScoreFormat.java:76) - Readings scores data file.
2015-11-15 19:31:57,273 main ERROR io.LeaderboardReportWriter (LeaderboardReportWriter.java:51) - Could not create leaderboard table. Class: LeaderboardReportWriter. Method: Constructor.
2015-11-15 19:34:05,909 main INFO  a00869363.Gis (Gis.java:43) - Starting main method
2015-11-15 19:34:06,856 main INFO  io.PlayerFormat (PlayerFormat.java:49) - Reading player infomation file.
2015-11-15 19:34:07,035 main INFO  io.PersonaFormat (PersonaFormat.java:39) - Reading personas.dat
2015-11-15 19:34:07,274 main INFO  io.ScoreFormat (ScoreFormat.java:76) - Readings scores data file.
2015-11-15 19:34:07,564 main ERROR io.LeaderboardReportWriter (LeaderboardReportWriter.java:52) - Could not create leaderboard table. Class: LeaderboardReportWriter. Method: Constructor.
2015-11-15 19:35:02,206 main INFO  a00869363.Gis (Gis.java:43) - Starting main method
2015-11-15 19:35:03,148 main INFO  io.PlayerFormat (PlayerFormat.java:49) - Reading player infomation file.
2015-11-15 19:35:03,320 main INFO  io.PersonaFormat (PersonaFormat.java:39) - Reading personas.dat
2015-11-15 19:35:03,531 main INFO  io.ScoreFormat (ScoreFormat.java:76) - Readings scores data file.
2015-11-15 21:30:45,678 main INFO  a00869363.Gis (Gis.java:43) - Starting main method
2015-11-15 21:30:46,832 main INFO  io.PlayerFormat (PlayerFormat.java:49) - Reading player infomation file.
2015-11-15 21:30:47,071 main INFO  io.PersonaFormat (PersonaFormat.java:39) - Reading personas.dat
2015-11-15 21:30:47,337 main INFO  io.ScoreFormat (ScoreFormat.java:76) - Readings scores data file.
2015-11-15 21:30:47,662 main ERROR io.LeaderboardReportWriter (LeaderboardReportWriter.java:52) - Could not create leaderboard table. Class: LeaderboardReportWriter. Method: Constructor.
2015-11-15 21:31:53,348 main INFO  a00869363.Gis (Gis.java:43) - Starting main method
2015-11-15 21:31:54,369 main INFO  io.PlayerFormat (PlayerFormat.java:49) - Reading player infomation file.
2015-11-15 21:31:54,545 main INFO  io.PersonaFormat (PersonaFormat.java:39) - Reading personas.dat
2015-11-15 21:31:54,758 main INFO  io.ScoreFormat (ScoreFormat.java:76) - Readings scores data file.
2015-11-15 21:41:08,785 main INFO  a00869363.Gis (Gis.java:44) - Starting main method
2015-11-15 21:41:09,870 main INFO  io.PlayerFormat (PlayerFormat.java:49) - Reading player infomation file.
2015-11-15 21:41:10,055 main INFO  io.PersonaFormat (PersonaFormat.java:39) - Reading personas.dat
2015-11-15 21:41:10,243 main INFO  io.ScoreFormat (ScoreFormat.java:76) - Readings scores data file.
2015-11-15 21:50:27,548 main INFO  a00869363.Gis (Gis.java:44) - Starting main method
2015-11-15 21:50:28,516 main INFO  io.PlayerFormat (PlayerFormat.java:49) - Reading player infomation file.
2015-11-15 21:50:28,678 main INFO  io.PersonaFormat (PersonaFormat.java:39) - Reading personas.dat
2015-11-15 21:50:28,896 main INFO  io.ScoreFormat (ScoreFormat.java:76) - Readings scores data file.
2015-11-15 22:14:00,578 main INFO  io.PlayerFormat (PlayerFormat.java:49) - Reading player infomation file.
2015-11-15 22:14:00,767 main INFO  io.PersonaFormat (PersonaFormat.java:39) - Reading personas.dat
2015-11-15 22:14:01,052 main INFO  io.ScoreFormat (ScoreFormat.java:76) - Readings scores data file.
2015-11-15 22:15:16,770 main INFO  io.PlayerFormat (PlayerFormat.java:49) - Reading player infomation file.
2015-11-15 22:15:16,952 main INFO  io.PersonaFormat (PersonaFormat.java:39) - Reading personas.dat
2015-11-15 22:15:17,177 main INFO  io.ScoreFormat (ScoreFormat.java:76) - Readings scores data file.
2015-11-16 20:27:34,711 main INFO  io.PlayerFormat (PlayerFormat.java:49) - Reading player infomation file.
2015-11-16 20:27:34,994 main INFO  io.PersonaFormat (PersonaFormat.java:39) - Reading personas.dat
2015-11-16 20:27:35,287 main INFO  io.ScoreFormat (ScoreFormat.java:76) - Readings scores data file.
2015-11-16 20:53:25,675 main INFO  io.PlayerFormat (PlayerFormat.java:49) - Reading player infomation file.
2015-11-16 20:53:25,837 main INFO  io.PersonaFormat (PersonaFormat.java:39) - Reading personas.dat
2015-11-16 20:53:26,071 main INFO  io.ScoreFormat (ScoreFormat.java:76) - Readings scores data file.
2015-11-16 20:58:03,357 main INFO  io.PlayerFormat (PlayerFormat.java:49) - Reading player infomation file.
2015-11-16 20:58:03,537 main INFO  io.PersonaFormat (PersonaFormat.java:39) - Reading personas.dat
2015-11-16 20:58:03,756 main INFO  io.ScoreFormat (ScoreFormat.java:76) - Readings scores data file.
2015-11-16 21:05:30,532 main INFO  io.PlayerFormat (PlayerFormat.java:49) - Reading player infomation file.
2015-11-16 21:05:30,725 main INFO  io.PersonaFormat (PersonaFormat.java:39) - Reading personas.dat
2015-11-16 21:05:30,972 main INFO  io.ScoreFormat (ScoreFormat.java:76) - Readings scores data file.
2015-11-16 21:18:25,480 main INFO  io.PlayerFormat (PlayerFormat.java:49) - Reading player infomation file.
2015-11-16 21:18:25,666 main INFO  io.PersonaFormat (PersonaFormat.java:39) - Reading personas.dat
2015-11-16 21:18:25,885 main INFO  io.ScoreFormat (ScoreFormat.java:76) - Readings scores data file.
2015-11-16 21:39:54,369 main INFO  io.PlayerFormat (PlayerFormat.java:49) - Reading player infomation file.
2015-11-16 21:39:54,532 main INFO  io.PersonaFormat (PersonaFormat.java:39) - Reading personas.dat
2015-11-16 21:39:54,756 main INFO  io.ScoreFormat (ScoreFormat.java:76) - Readings scores data file.
2015-11-16 21:57:43,778 main INFO  io.PlayerFormat (PlayerFormat.java:49) - Reading player infomation file.
2015-11-16 21:57:43,985 main INFO  io.PersonaFormat (PersonaFormat.java:39) - Reading personas.dat
2015-11-16 21:57:44,216 main INFO  io.ScoreFormat (ScoreFormat.java:76) - Readings scores data file.
2015-11-19 19:40:28,684 main INFO  a00869363.Gis (Gis.java:46) - Starting main method
2015-11-19 19:44:41,909 main INFO  a00869363.Gis (Gis.java:46) - Starting main method
2015-11-19 19:44:42,114 main INFO  a00869363.Gis (Gis.java:121) - End method
2015-11-19 19:44:43,314 AWT-EventQueue-0 INFO  io.PlayerFormat (PlayerFormat.java:49) - Reading player infomation file.
2015-11-19 19:44:43,420 AWT-EventQueue-0 INFO  io.PersonaFormat (PersonaFormat.java:39) - Reading personas.dat
2015-11-19 19:44:43,676 AWT-EventQueue-0 INFO  io.ScoreFormat (ScoreFormat.java:76) - Readings scores data file.
2015-11-19 19:45:09,308 main INFO  a00869363.Gis (Gis.java:46) - Starting main method
2015-11-19 19:45:10,627 AWT-EventQueue-0 INFO  io.PlayerFormat (PlayerFormat.java:49) - Reading player infomation file.
2015-11-19 19:45:10,724 AWT-EventQueue-0 INFO  io.PersonaFormat (PersonaFormat.java:39) - Reading personas.dat
2015-11-19 19:45:11,020 AWT-EventQueue-0 INFO  io.ScoreFormat (ScoreFormat.java:76) - Readings scores data file.
2015-11-19 19:47:45,520 main INFO  a00869363.Gis (Gis.java:46) - Starting main method
2015-11-19 19:47:46,867 AWT-EventQueue-0 INFO  io.PlayerFormat (PlayerFormat.java:49) - Reading player infomation file.
2015-11-19 19:47:46,959 AWT-EventQueue-0 INFO  io.PersonaFormat (PersonaFormat.java:39) - Reading personas.dat
2015-11-19 19:47:47,187 AWT-EventQueue-0 INFO  io.ScoreFormat (ScoreFormat.java:76) - Readings scores data file.
2015-11-19 20:20:25,625 main INFO  a00869363.Gis (Gis.java:46) - Starting main method
2015-11-19 20:20:26,577 AWT-EventQueue-0 INFO  io.PlayerFormat (PlayerFormat.java:49) - Reading player infomation file.
2015-11-19 20:20:26,640 AWT-EventQueue-0 INFO  io.PersonaFormat (PersonaFormat.java:39) - Reading personas.dat
2015-11-19 20:20:26,799 AWT-EventQueue-0 INFO  io.ScoreFormat (ScoreFormat.java:76) - Readings scores data file.
2015-11-19 21:11:41,299 main INFO  a00869363.Gis (Gis.java:46) - Starting main method
2015-11-19 21:11:42,636 AWT-EventQueue-0 INFO  io.PlayerFormat (PlayerFormat.java:49) - Reading player infomation file.
2015-11-19 21:11:42,748 AWT-EventQueue-0 INFO  io.PersonaFormat (PersonaFormat.java:39) - Reading personas.dat
2015-11-19 21:11:42,959 AWT-EventQueue-0 INFO  io.ScoreFormat (ScoreFormat.java:76) - Readings scores data file.
2015-11-20 21:50:44,953 main INFO  a00869363.Gis (Gis.java:46) - Starting main method
2015-11-20 21:50:46,286 AWT-EventQueue-0 INFO  io.PlayerFormat (PlayerFormat.java:49) - Reading player infomation file.
2015-11-20 21:50:46,411 AWT-EventQueue-0 INFO  io.PersonaFormat (PersonaFormat.java:39) - Reading personas.dat
2015-11-20 21:50:46,645 AWT-EventQueue-0 INFO  io.ScoreFormat (ScoreFormat.java:76) - Readings scores data file.
2015-11-20 21:51:58,255 main INFO  a00869363.Gis (Gis.java:46) - Starting main method
2015-11-20 21:51:59,508 AWT-EventQueue-0 INFO  io.PlayerFormat (PlayerFormat.java:49) - Reading player infomation file.
2015-11-20 21:51:59,611 AWT-EventQueue-0 INFO  io.PersonaFormat (PersonaFormat.java:39) - Reading personas.dat
2015-11-20 21:51:59,845 AWT-EventQueue-0 INFO  io.ScoreFormat (ScoreFormat.java:76) - Readings scores data file.
2015-11-20 21:57:51,030 main INFO  a00869363.Gis (Gis.java:46) - Starting main method
2015-11-20 21:57:52,343 AWT-EventQueue-0 INFO  io.PlayerFormat (PlayerFormat.java:49) - Reading player infomation file.
2015-11-20 21:57:52,445 AWT-EventQueue-0 INFO  io.PersonaFormat (PersonaFormat.java:39) - Reading personas.dat
2015-11-20 21:57:52,681 AWT-EventQueue-0 INFO  io.ScoreFormat (ScoreFormat.java:76) - Readings scores data file.
2015-11-20 21:59:23,916 main INFO  a00869363.Gis (Gis.java:46) - Starting main method
2015-11-20 21:59:25,227 AWT-EventQueue-0 INFO  io.PlayerFormat (PlayerFormat.java:49) - Reading player infomation file.
2015-11-20 21:59:25,307 AWT-EventQueue-0 INFO  io.PersonaFormat (PersonaFormat.java:39) - Reading personas.dat
2015-11-20 21:59:25,585 AWT-EventQueue-0 INFO  io.ScoreFormat (ScoreFormat.java:76) - Readings scores data file.
2015-11-20 22:00:57,308 main INFO  a00869363.Gis (Gis.java:46) - Starting main method
2015-11-20 22:00:58,632 AWT-EventQueue-0 INFO  io.PlayerFormat (PlayerFormat.java:49) - Reading player infomation file.
2015-11-20 22:00:58,739 AWT-EventQueue-0 INFO  io.PersonaFormat (PersonaFormat.java:39) - Reading personas.dat
2015-11-20 22:00:58,965 AWT-EventQueue-0 INFO  io.ScoreFormat (ScoreFormat.java:76) - Readings scores data file.
2015-11-21 16:34:48,565 main INFO  a00869363.Gis (Gis.java:46) - Starting main method
2015-11-21 16:34:50,030 AWT-EventQueue-0 INFO  io.PlayerFormat (PlayerFormat.java:49) - Reading player infomation file.
2015-11-21 16:34:50,152 AWT-EventQueue-0 INFO  io.PersonaFormat (PersonaFormat.java:39) - Reading personas.dat
2015-11-21 16:34:50,402 AWT-EventQueue-0 INFO  io.ScoreFormat (ScoreFormat.java:76) - Readings scores data file.
2015-11-21 16:38:14,981 main INFO  a00869363.Gis (Gis.java:46) - Starting main method
2015-11-21 16:38:16,295 AWT-EventQueue-0 INFO  io.PlayerFormat (PlayerFormat.java:49) - Reading player infomation file.
2015-11-21 16:38:16,389 AWT-EventQueue-0 INFO  io.PersonaFormat (PersonaFormat.java:39) - Reading personas.dat
2015-11-21 16:38:16,639 AWT-EventQueue-0 INFO  io.ScoreFormat (ScoreFormat.java:76) - Readings scores data file.
2015-11-21 17:40:14,758 main INFO  a00869363.Gis (Gis.java:46) - Starting main method
2015-11-21 17:40:16,146 AWT-EventQueue-0 INFO  io.PlayerFormat (PlayerFormat.java:49) - Reading player infomation file.
2015-11-21 17:40:16,248 AWT-EventQueue-0 INFO  io.PersonaFormat (PersonaFormat.java:39) - Reading personas.dat
2015-11-21 17:40:16,488 AWT-EventQueue-0 INFO  io.ScoreFormat (ScoreFormat.java:76) - Readings scores data file.
2015-11-21 17:42:19,460 main INFO  a00869363.Gis (Gis.java:46) - Starting main method
2015-11-21 17:42:20,955 AWT-EventQueue-0 INFO  io.PlayerFormat (PlayerFormat.java:49) - Reading player infomation file.
2015-11-21 17:42:21,064 AWT-EventQueue-0 INFO  io.PersonaFormat (PersonaFormat.java:39) - Reading personas.dat
2015-11-21 17:42:21,355 AWT-EventQueue-0 INFO  io.ScoreFormat (ScoreFormat.java:76) - Readings scores data file.
2015-11-21 18:04:22,957 main INFO  a00869363.Gis (Gis.java:46) - Starting main method
2015-11-21 18:04:24,304 AWT-EventQueue-0 INFO  io.PlayerFormat (PlayerFormat.java:49) - Reading player infomation file.
2015-11-21 18:04:24,398 AWT-EventQueue-0 INFO  io.PersonaFormat (PersonaFormat.java:39) - Reading personas.dat
2015-11-21 18:04:24,645 AWT-EventQueue-0 INFO  io.ScoreFormat (ScoreFormat.java:76) - Readings scores data file.
2015-11-22 10:29:43,086 main INFO  a00869363.Gis (Gis.java:46) - Starting main method
2015-11-22 10:29:44,594 AWT-EventQueue-0 INFO  io.PlayerFormat (PlayerFormat.java:49) - Reading player infomation file.
2015-11-22 10:29:44,699 AWT-EventQueue-0 INFO  io.PersonaFormat (PersonaFormat.java:39) - Reading personas.dat
2015-11-22 10:29:44,980 AWT-EventQueue-0 INFO  io.ScoreFormat (ScoreFormat.java:76) - Readings scores data file.
2015-11-22 12:04:45,164 main INFO  a00869363.Gis (Gis.java:46) - Starting main method
2015-11-22 12:04:46,363 AWT-EventQueue-0 INFO  io.PlayerFormat (PlayerFormat.java:49) - Reading player infomation file.
2015-11-22 12:04:46,480 AWT-EventQueue-0 INFO  io.PersonaFormat (PersonaFormat.java:39) - Reading personas.dat
2015-11-22 12:04:46,480 AWT-EventQueue-0 ERROR io.PersonaFormat (PersonaFormat.java:72) - Cannot add persona to database. Class PersonaFormat. Method: Constructor.
2015-11-22 12:04:46,496 AWT-EventQueue-0 ERROR io.PersonaFormat (PersonaFormat.java:72) - Cannot add persona to database. Class PersonaFormat. Method: Constructor.
2015-11-22 12:04:46,496 AWT-EventQueue-0 ERROR io.PersonaFormat (PersonaFormat.java:72) - Cannot add persona to database. Class PersonaFormat. Method: Constructor.
2015-11-22 12:04:46,496 AWT-EventQueue-0 ERROR io.PersonaFormat (PersonaFormat.java:72) - Cannot add persona to database. Class PersonaFormat. Method: Constructor.
2015-11-22 12:04:46,496 AWT-EventQueue-0 ERROR io.PersonaFormat (PersonaFormat.java:72) - Cannot add persona to database. Class PersonaFormat. Method: Constructor.
2015-11-22 12:04:46,512 AWT-EventQueue-0 ERROR io.PersonaFormat (PersonaFormat.java:72) - Cannot add persona to database. Class PersonaFormat. Method: Constructor.
2015-11-22 12:04:46,512 AWT-EventQueue-0 ERROR io.PersonaFormat (PersonaFormat.java:72) - Cannot add persona to database. Class PersonaFormat. Method: Constructor.
2015-11-22 12:04:46,512 AWT-EventQueue-0 ERROR io.PersonaFormat (PersonaFormat.java:72) - Cannot add persona to database. Class PersonaFormat. Method: Constructor.
2015-11-22 12:04:46,512 AWT-EventQueue-0 ERROR io.PersonaFormat (PersonaFormat.java:72) - Cannot add persona to database. Class PersonaFormat. Method: Constructor.
2015-11-22 12:04:46,527 AWT-EventQueue-0 ERROR io.PersonaFormat (PersonaFormat.java:72) - Cannot add persona to database. Class PersonaFormat. Method: Constructor.
2015-11-22 12:04:46,527 AWT-EventQueue-0 ERROR io.PersonaFormat (PersonaFormat.java:72) - Cannot add persona to database. Class PersonaFormat. Method: Constructor.
2015-11-22 12:04:46,559 AWT-EventQueue-0 INFO  io.ScoreFormat (ScoreFormat.java:76) - Readings scores data file.
2015-11-23 20:35:01,354 main INFO  a00869363.Gis (Gis.java:46) - Starting main method
2015-11-23 20:35:02,918 AWT-EventQueue-0 INFO  io.PlayerFormat (PlayerFormat.java:48) - Reading player infomation file.
2015-11-23 20:35:03,040 AWT-EventQueue-0 INFO  io.PersonaFormat (PersonaFormat.java:39) - Reading personas.dat
2015-11-23 20:35:03,118 AWT-EventQueue-0 INFO  dao.PlayerDAO (PersonasDAO.java:29) - Executed statement: create table personas(id varchar(10) not null, player_id VARCHAR(10), gamertag VARCHAR(64), platform VARCHAR(64), primary key (id) )
2015-11-23 20:35:03,180 AWT-EventQueue-0 INFO  dao.PlayerDAO (GamesDAO.java:20) - Executed command: create table games(id varchar(10) not null, name VARCHAR(64), producer VARCHAR(64) )
2015-11-23 20:35:03,243 AWT-EventQueue-0 INFO  io.ScoreFormat (ScoreFormat.java:76) - Readings scores data file.
2015-11-23 20:35:03,415 AWT-EventQueue-0 INFO  dao.PlayerDAO (LeaderboardDAO.java:26) - Executed statement: create table leaderboard( wins int(10), losses int(10), game_name VARCHAR(64), gamertag VARCHAR(64), platform VARCHAR(64) )
2015-11-23 20:35:15,030 AWT-EventQueue-0 INFO  ui.PersonasDialog (PlayersDialog.java:55) - Creating players dialog.
2015-11-23 20:35:15,087 AWT-EventQueue-0 ERROR dao.PlayerDAO (PlayerDAO.java:233) - Could not select all players from database.
2015-11-23 20:35:29,431 AWT-EventQueue-0 INFO  ui.PersonasDialog (PersonasDialog.java:63) - Creating personas dialog.
2015-11-23 20:35:29,437 AWT-EventQueue-0 ERROR dao.PlayerDAO (PersonasDAO.java:62) - Could not select all from personas.
2015-11-23 20:38:02,081 main INFO  a00869363.Gis (Gis.java:46) - Starting main method
2015-11-23 20:38:03,343 AWT-EventQueue-0 INFO  io.PersonaFormat (PersonaFormat.java:39) - Reading personas.dat
2015-11-23 20:38:03,355 AWT-EventQueue-0 INFO  dao.PlayerDAO (PersonasDAO.java:29) - Executed statement: create table personas(id varchar(10) not null, player_id VARCHAR(10), gamertag VARCHAR(64), platform VARCHAR(64), primary key (id) )
2015-11-23 20:38:03,402 AWT-EventQueue-0 ERROR io.PersonaFormat (PersonaFormat.java:72) - Cannot add persona to database. Class PersonaFormat. Method: Constructor.
2015-11-23 20:38:03,402 AWT-EventQueue-0 ERROR io.PersonaFormat (PersonaFormat.java:72) - Cannot add persona to database. Class PersonaFormat. Method: Constructor.
2015-11-23 20:38:03,402 AWT-EventQueue-0 ERROR io.PersonaFormat (PersonaFormat.java:72) - Cannot add persona to database. Class PersonaFormat. Method: Constructor.
2015-11-23 20:38:03,402 AWT-EventQueue-0 ERROR io.PersonaFormat (PersonaFormat.java:72) - Cannot add persona to database. Class PersonaFormat. Method: Constructor.
2015-11-23 20:38:03,418 AWT-EventQueue-0 ERROR io.PersonaFormat (PersonaFormat.java:72) - Cannot add persona to database. Class PersonaFormat. Method: Constructor.
2015-11-23 20:38:03,418 AWT-EventQueue-0 ERROR io.PersonaFormat (PersonaFormat.java:72) - Cannot add persona to database. Class PersonaFormat. Method: Constructor.
2015-11-23 20:38:03,418 AWT-EventQueue-0 ERROR io.PersonaFormat (PersonaFormat.java:72) - Cannot add persona to database. Class PersonaFormat. Method: Constructor.
2015-11-23 20:38:03,418 AWT-EventQueue-0 ERROR io.PersonaFormat (PersonaFormat.java:72) - Cannot add persona to database. Class PersonaFormat. Method: Constructor.
2015-11-23 20:38:03,418 AWT-EventQueue-0 ERROR io.PersonaFormat (PersonaFormat.java:72) - Cannot add persona to database. Class PersonaFormat. Method: Constructor.
2015-11-23 20:38:03,418 AWT-EventQueue-0 ERROR io.PersonaFormat (PersonaFormat.java:72) - Cannot add persona to database. Class PersonaFormat. Method: Constructor.
2015-11-23 20:38:03,418 AWT-EventQueue-0 ERROR io.PersonaFormat (PersonaFormat.java:72) - Cannot add persona to database. Class PersonaFormat. Method: Constructor.
2015-11-23 20:38:03,434 AWT-EventQueue-0 INFO  dao.PlayerDAO (GamesDAO.java:20) - Executed command: create table games(id varchar(10) not null, name VARCHAR(64), producer VARCHAR(64) )
2015-11-23 20:38:03,465 AWT-EventQueue-0 INFO  io.ScoreFormat (ScoreFormat.java:76) - Readings scores data file.
2015-11-23 20:38:03,621 AWT-EventQueue-0 INFO  dao.PlayerDAO (LeaderboardDAO.java:26) - Executed statement: create table leaderboard( wins int(10), losses int(10), game_name VARCHAR(64), gamertag VARCHAR(64), platform VARCHAR(64) )
2015-11-23 20:38:08,965 AWT-EventQueue-0 INFO  ui.PersonasDialog (PlayersDialog.java:55) - Creating players dialog.
2015-11-23 20:38:15,752 AWT-EventQueue-0 INFO  ui.ScoresDialog (ScoresDialog.java:48) - Creating scores dialog.
2015-11-23 20:38:28,469 AWT-EventQueue-0 INFO  ui.PersonasDialog (PersonasDialog.java:63) - Creating personas dialog.
2015-11-23 20:38:38,366 AWT-EventQueue-0 INFO  ui.PersonasDialog (PersonasDialog.java:63) - Creating personas dialog.
2015-11-23 20:39:11,532 AWT-EventQueue-0 INFO  ui.LeaderboardDialog (LeaderboardDialog.java:53) - Creating leaderboard dialog.
2015-11-23 20:39:29,561 AWT-EventQueue-0 INFO  ui.LeaderboardDialog (LeaderboardDialog.java:53) - Creating leaderboard dialog.
2015-11-23 20:40:15,798 AWT-EventQueue-0 INFO  ui.LeaderboardDialog (LeaderboardDialog.java:53) - Creating leaderboard dialog.
2015-11-23 20:40:20,431 AWT-EventQueue-0 INFO  ui.LeaderboardDialog (LeaderboardDialog.java:53) - Creating leaderboard dialog.
2015-11-23 20:40:52,642 main INFO  a00869363.Gis (Gis.java:46) - Starting main method
2015-11-23 20:40:53,828 AWT-EventQueue-0 INFO  io.PersonaFormat (PersonaFormat.java:39) - Reading personas.dat
2015-11-23 20:40:53,844 AWT-EventQueue-0 INFO  dao.PlayerDAO (PersonasDAO.java:29) - Executed statement: create table personas(id varchar(10) not null, player_id VARCHAR(10), gamertag VARCHAR(64), platform VARCHAR(64), primary key (id) )
2015-11-23 20:40:53,875 AWT-EventQueue-0 ERROR io.PersonaFormat (PersonaFormat.java:72) - Cannot add persona to database. Class PersonaFormat. Method: Constructor.
2015-11-23 20:40:53,875 AWT-EventQueue-0 ERROR io.PersonaFormat (PersonaFormat.java:72) - Cannot add persona to database. Class PersonaFormat. Method: Constructor.
2015-11-23 20:40:53,891 AWT-EventQueue-0 ERROR io.PersonaFormat (PersonaFormat.java:72) - Cannot add persona to database. Class PersonaFormat. Method: Constructor.
2015-11-23 20:40:53,891 AWT-EventQueue-0 ERROR io.PersonaFormat (PersonaFormat.java:72) - Cannot add persona to database. Class PersonaFormat. Method: Constructor.
2015-11-23 20:40:53,891 AWT-EventQueue-0 ERROR io.PersonaFormat (PersonaFormat.java:72) - Cannot add persona to database. Class PersonaFormat. Method: Constructor.
2015-11-23 20:40:53,891 AWT-EventQueue-0 ERROR io.PersonaFormat (PersonaFormat.java:72) - Cannot add persona to database. Class PersonaFormat. Method: Constructor.
2015-11-23 20:40:53,891 AWT-EventQueue-0 ERROR io.PersonaFormat (PersonaFormat.java:72) - Cannot add persona to database. Class PersonaFormat. Method: Constructor.
2015-11-23 20:40:53,891 AWT-EventQueue-0 ERROR io.PersonaFormat (PersonaFormat.java:72) - Cannot add persona to database. Class PersonaFormat. Method: Constructor.
2015-11-23 20:40:53,906 AWT-EventQueue-0 ERROR io.PersonaFormat (PersonaFormat.java:72) - Cannot add persona to database. Class PersonaFormat. Method: Constructor.
2015-11-23 20:40:53,906 AWT-EventQueue-0 ERROR io.PersonaFormat (PersonaFormat.java:72) - Cannot add persona to database. Class PersonaFormat. Method: Constructor.
2015-11-23 20:40:53,906 AWT-EventQueue-0 ERROR io.PersonaFormat (PersonaFormat.java:72) - Cannot add persona to database. Class PersonaFormat. Method: Constructor.
2015-11-23 20:40:53,906 AWT-EventQueue-0 INFO  dao.PlayerDAO (GamesDAO.java:20) - Executed command: create table games(id varchar(10) not null, name VARCHAR(64), producer VARCHAR(64) )
2015-11-23 20:40:53,937 AWT-EventQueue-0 INFO  io.ScoreFormat (ScoreFormat.java:76) - Readings scores data file.
2015-11-23 20:40:54,078 AWT-EventQueue-0 INFO  dao.PlayerDAO (LeaderboardDAO.java:26) - Executed statement: create table leaderboard( wins int(10), losses int(10), game_name VARCHAR(64), gamertag VARCHAR(64), platform VARCHAR(64) )
2015-11-23 20:41:00,579 AWT-EventQueue-0 INFO  ui.PersonasDialog (PersonasDialog.java:63) - Creating personas dialog.
2015-11-23 20:41:33,146 AWT-EventQueue-0 INFO  ui.PersonasDialog (PersonasDialog.java:63) - Creating personas dialog.
2015-11-23 20:41:48,487 main INFO  a00869363.Gis (Gis.java:46) - Starting main method
2015-11-23 20:41:49,730 AWT-EventQueue-0 INFO  io.PersonaFormat (PersonaFormat.java:39) - Reading personas.dat
2015-11-23 20:41:49,743 AWT-EventQueue-0 INFO  dao.PlayerDAO (PersonasDAO.java:29) - Executed statement: create table personas(id varchar(10) not null, player_id VARCHAR(10), gamertag VARCHAR(64), platform VARCHAR(64), primary key (id) )
2015-11-23 20:41:49,775 AWT-EventQueue-0 ERROR io.PersonaFormat (PersonaFormat.java:72) - Cannot add persona to database. Class PersonaFormat. Method: Constructor.
2015-11-23 20:41:49,775 AWT-EventQueue-0 ERROR io.PersonaFormat (PersonaFormat.java:72) - Cannot add persona to database. Class PersonaFormat. Method: Constructor.
2015-11-23 20:41:49,775 AWT-EventQueue-0 ERROR io.PersonaFormat (PersonaFormat.java:72) - Cannot add persona to database. Class PersonaFormat. Method: Constructor.
2015-11-23 20:41:49,790 AWT-EventQueue-0 ERROR io.PersonaFormat (PersonaFormat.java:72) - Cannot add persona to database. Class PersonaFormat. Method: Constructor.
2015-11-23 20:41:49,790 AWT-EventQueue-0 ERROR io.PersonaFormat (PersonaFormat.java:72) - Cannot add persona to database. Class PersonaFormat. Method: Constructor.
2015-11-23 20:41:49,790 AWT-EventQueue-0 ERROR io.PersonaFormat (PersonaFormat.java:72) - Cannot add persona to database. Class PersonaFormat. Method: Constructor.
2015-11-23 20:41:49,790 AWT-EventQueue-0 ERROR io.PersonaFormat (PersonaFormat.java:72) - Cannot add persona to database. Class PersonaFormat. Method: Constructor.
2015-11-23 20:41:49,806 AWT-EventQueue-0 ERROR io.PersonaFormat (PersonaFormat.java:72) - Cannot add persona to database. Class PersonaFormat. Method: Constructor.
2015-11-23 20:41:49,806 AWT-EventQueue-0 ERROR io.PersonaFormat (PersonaFormat.java:72) - Cannot add persona to database. Class PersonaFormat. Method: Constructor.
2015-11-23 20:41:49,806 AWT-EventQueue-0 ERROR io.PersonaFormat (PersonaFormat.java:72) - Cannot add persona to database. Class PersonaFormat. Method: Constructor.
2015-11-23 20:41:49,806 AWT-EventQueue-0 ERROR io.PersonaFormat (PersonaFormat.java:72) - Cannot add persona to database. Class PersonaFormat. Method: Constructor.
2015-11-23 20:41:49,806 AWT-EventQueue-0 INFO  dao.PlayerDAO (GamesDAO.java:20) - Executed command: create table games(id varchar(10) not null, name VARCHAR(64), producer VARCHAR(64) )
2015-11-23 20:41:49,837 AWT-EventQueue-0 INFO  io.ScoreFormat (ScoreFormat.java:76) - Readings scores data file.
2015-11-23 20:41:49,993 AWT-EventQueue-0 INFO  dao.PlayerDAO (LeaderboardDAO.java:26) - Executed statement: create table leaderboard( wins int(10), losses int(10), game_name VARCHAR(64), gamertag VARCHAR(64), platform VARCHAR(64) )
2015-11-23 20:41:53,259 AWT-EventQueue-0 INFO  ui.PersonasDialog (PersonasDialog.java:63) - Creating personas dialog.
2015-11-23 20:44:03,000 main INFO  a00869363.Gis (Gis.java:34) - Starting main method
2015-11-23 20:44:04,201 AWT-EventQueue-0 INFO  io.PersonaFormat (PersonaFormat.java:39) - Reading personas.dat
2015-11-23 20:44:04,214 AWT-EventQueue-0 INFO  dao.PlayerDAO (PersonasDAO.java:29) - Executed statement: create table personas(id varchar(10) not null, player_id VARCHAR(10), gamertag VARCHAR(64), platform VARCHAR(64), primary key (id) )
2015-11-23 20:44:04,261 AWT-EventQueue-0 ERROR io.PersonaFormat (PersonaFormat.java:72) - Cannot add persona to database. Class PersonaFormat. Method: Constructor.
2015-11-23 20:44:04,261 AWT-EventQueue-0 ERROR io.PersonaFormat (PersonaFormat.java:72) - Cannot add persona to database. Class PersonaFormat. Method: Constructor.
2015-11-23 20:44:04,261 AWT-EventQueue-0 ERROR io.PersonaFormat (PersonaFormat.java:72) - Cannot add persona to database. Class PersonaFormat. Method: Constructor.
2015-11-23 20:44:04,261 AWT-EventQueue-0 ERROR io.PersonaFormat (PersonaFormat.java:72) - Cannot add persona to database. Class PersonaFormat. Method: Constructor.
2015-11-23 20:44:04,277 AWT-EventQueue-0 ERROR io.PersonaFormat (PersonaFormat.java:72) - Cannot add persona to database. Class PersonaFormat. Method: Constructor.
2015-11-23 20:44:04,277 AWT-EventQueue-0 ERROR io.PersonaFormat (PersonaFormat.java:72) - Cannot add persona to database. Class PersonaFormat. Method: Constructor.
2015-11-23 20:44:04,277 AWT-EventQueue-0 ERROR io.PersonaFormat (PersonaFormat.java:72) - Cannot add persona to database. Class PersonaFormat. Method: Constructor.
2015-11-23 20:44:04,277 AWT-EventQueue-0 ERROR io.PersonaFormat (PersonaFormat.java:72) - Cannot add persona to database. Class PersonaFormat. Method: Constructor.
2015-11-23 20:44:04,277 AWT-EventQueue-0 ERROR io.PersonaFormat (PersonaFormat.java:72) - Cannot add persona to database. Class PersonaFormat. Method: Constructor.
2015-11-23 20:44:04,277 AWT-EventQueue-0 ERROR io.PersonaFormat (PersonaFormat.java:72) - Cannot add persona to database. Class PersonaFormat. Method: Constructor.
2015-11-23 20:44:04,277 AWT-EventQueue-0 ERROR io.PersonaFormat (PersonaFormat.java:72) - Cannot add persona to database. Class PersonaFormat. Method: Constructor.
2015-11-23 20:44:04,292 AWT-EventQueue-0 INFO  dao.PlayerDAO (GamesDAO.java:20) - Executed command: create table games(id varchar(10) not null, name VARCHAR(64), producer VARCHAR(64) )
2015-11-23 20:44:04,308 AWT-EventQueue-0 INFO  io.ScoreFormat (ScoreFormat.java:76) - Readings scores data file.
2015-11-23 20:44:04,464 AWT-EventQueue-0 INFO  dao.PlayerDAO (LeaderboardDAO.java:26) - Executed statement: create table leaderboard( wins int(10), losses int(10), game_name VARCHAR(64), gamertag VARCHAR(64), platform VARCHAR(64) )
2015-11-23 20:44:11,176 AWT-EventQueue-0 INFO  ui.PersonasDialog (PersonasDialog.java:63) - Creating personas dialog.
2015-11-23 20:44:24,915 AWT-EventQueue-0 ERROR dao.PlayerDAO (PersonasDAO.java:99) - Error selecting persona by gamertag
2015-11-23 20:45:31,861 AWT-EventQueue-0 ERROR dao.PlayerDAO (PersonasDAO.java:99) - Error selecting persona by gamertag
2015-11-23 20:54:11,710 main INFO  a00869363.Gis (Gis.java:34) - Starting main method
2015-11-23 20:54:12,994 AWT-EventQueue-0 INFO  io.PersonaFormat (PersonaFormat.java:39) - Reading personas.dat
2015-11-23 20:54:13,005 AWT-EventQueue-0 INFO  dao.PlayerDAO (PersonasDAO.java:29) - Executed statement: create table personas(id varchar(10) not null, player_id VARCHAR(10), gamertag VARCHAR(64), platform VARCHAR(64), primary key (id) )
2015-11-23 20:54:13,024 AWT-EventQueue-0 ERROR io.PersonaFormat (PersonaFormat.java:72) - Cannot add persona to database. Class PersonaFormat. Method: Constructor.
2015-11-23 20:54:13,040 AWT-EventQueue-0 ERROR io.PersonaFormat (PersonaFormat.java:72) - Cannot add persona to database. Class PersonaFormat. Method: Constructor.
2015-11-23 20:54:13,040 AWT-EventQueue-0 ERROR io.PersonaFormat (PersonaFormat.java:72) - Cannot add persona to database. Class PersonaFormat. Method: Constructor.
2015-11-23 20:54:13,040 AWT-EventQueue-0 ERROR io.PersonaFormat (PersonaFormat.java:72) - Cannot add persona to database. Class PersonaFormat. Method: Constructor.
2015-11-23 20:54:13,040 AWT-EventQueue-0 ERROR io.PersonaFormat (PersonaFormat.java:72) - Cannot add persona to database. Class PersonaFormat. Method: Constructor.
2015-11-23 20:54:13,040 AWT-EventQueue-0 ERROR io.PersonaFormat (PersonaFormat.java:72) - Cannot add persona to database. Class PersonaFormat. Method: Constructor.
2015-11-23 20:54:13,040 AWT-EventQueue-0 ERROR io.PersonaFormat (PersonaFormat.java:72) - Cannot add persona to database. Class PersonaFormat. Method: Constructor.
2015-11-23 20:54:13,040 AWT-EventQueue-0 ERROR io.PersonaFormat (PersonaFormat.java:72) - Cannot add persona to database. Class PersonaFormat. Method: Constructor.
2015-11-23 20:54:13,040 AWT-EventQueue-0 ERROR io.PersonaFormat (PersonaFormat.java:72) - Cannot add persona to database. Class PersonaFormat. Method: Constructor.
2015-11-23 20:54:13,056 AWT-EventQueue-0 ERROR io.PersonaFormat (PersonaFormat.java:72) - Cannot add persona to database. Class PersonaFormat. Method: Constructor.
2015-11-23 20:54:13,056 AWT-EventQueue-0 ERROR io.PersonaFormat (PersonaFormat.java:72) - Cannot add persona to database. Class PersonaFormat. Method: Constructor.
2015-11-23 20:54:13,056 AWT-EventQueue-0 INFO  dao.PlayerDAO (GamesDAO.java:20) - Executed command: create table games(id varchar(10) not null, name VARCHAR(64), producer VARCHAR(64) )
2015-11-23 20:54:13,071 AWT-EventQueue-0 INFO  io.ScoreFormat (ScoreFormat.java:76) - Readings scores data file.
2015-11-23 20:54:13,213 AWT-EventQueue-0 INFO  dao.PlayerDAO (LeaderboardDAO.java:26) - Executed statement: create table leaderboard( wins int(10), losses int(10), game_name VARCHAR(64), gamertag VARCHAR(64), platform VARCHAR(64) )
2015-11-23 20:54:20,306 AWT-EventQueue-0 INFO  ui.PersonasDialog (PlayersDialog.java:55) - Creating players dialog.
2015-11-23 20:54:27,390 AWT-EventQueue-0 INFO  ui.PersonasDialog (PersonasDialog.java:63) - Creating personas dialog.
2015-11-23 20:54:31,624 AWT-EventQueue-0 INFO  ui.PersonasDialog (PersonasDialog.java:63) - Creating personas dialog.
2015-11-23 20:54:50,125 AWT-EventQueue-0 INFO  ui.PersonasDialog (PersonasDialog.java:63) - Creating personas dialog.
2015-11-23 20:55:09,034 AWT-EventQueue-0 INFO  ui.LeaderboardDialog (LeaderboardDialog.java:49) - Creating leaderboard dialog.
2015-11-23 21:12:14,938 main INFO  a00869363.Gis (Gis.java:34) - Starting main method
2015-11-23 21:12:16,145 AWT-EventQueue-0 INFO  io.PersonaFormat (PersonaFormat.java:39) - Reading personas.dat
2015-11-23 21:12:16,162 AWT-EventQueue-0 INFO  dao.PlayerDAO (PersonasDAO.java:29) - Executed statement: create table personas(id varchar(10) not null, player_id VARCHAR(10), gamertag VARCHAR(64), platform VARCHAR(64), primary key (id) )
2015-11-23 21:12:16,209 AWT-EventQueue-0 ERROR io.PersonaFormat (PersonaFormat.java:72) - Cannot add persona to database. Class PersonaFormat. Method: Constructor.
2015-11-23 21:12:16,209 AWT-EventQueue-0 ERROR io.PersonaFormat (PersonaFormat.java:72) - Cannot add persona to database. Class PersonaFormat. Method: Constructor.
2015-11-23 21:12:16,209 AWT-EventQueue-0 ERROR io.PersonaFormat (PersonaFormat.java:72) - Cannot add persona to database. Class PersonaFormat. Method: Constructor.
2015-11-23 21:12:16,224 AWT-EventQueue-0 ERROR io.PersonaFormat (PersonaFormat.java:72) - Cannot add persona to database. Class PersonaFormat. Method: Constructor.
2015-11-23 21:12:16,224 AWT-EventQueue-0 ERROR io.PersonaFormat (PersonaFormat.java:72) - Cannot add persona to database. Class PersonaFormat. Method: Constructor.
2015-11-23 21:12:16,224 AWT-EventQueue-0 ERROR io.PersonaFormat (PersonaFormat.java:72) - Cannot add persona to database. Class PersonaFormat. Method: Constructor.
2015-11-23 21:12:16,224 AWT-EventQueue-0 ERROR io.PersonaFormat (PersonaFormat.java:72) - Cannot add persona to database. Class PersonaFormat. Method: Constructor.
2015-11-23 21:12:16,224 AWT-EventQueue-0 ERROR io.PersonaFormat (PersonaFormat.java:72) - Cannot add persona to database. Class PersonaFormat. Method: Constructor.
2015-11-23 21:12:16,224 AWT-EventQueue-0 ERROR io.PersonaFormat (PersonaFormat.java:72) - Cannot add persona to database. Class PersonaFormat. Method: Constructor.
2015-11-23 21:12:16,224 AWT-EventQueue-0 ERROR io.PersonaFormat (PersonaFormat.java:72) - Cannot add persona to database. Class PersonaFormat. Method: Constructor.
2015-11-23 21:12:16,240 AWT-EventQueue-0 ERROR io.PersonaFormat (PersonaFormat.java:72) - Cannot add persona to database. Class PersonaFormat. Method: Constructor.
2015-11-23 21:12:16,240 AWT-EventQueue-0 INFO  dao.PlayerDAO (GamesDAO.java:20) - Executed command: create table games(id varchar(10) not null, name VARCHAR(64), producer VARCHAR(64) )
2015-11-23 21:12:16,256 AWT-EventQueue-0 INFO  io.ScoreFormat (ScoreFormat.java:76) - Readings scores data file.
2015-11-23 21:12:16,381 AWT-EventQueue-0 INFO  dao.PlayerDAO (LeaderboardDAO.java:26) - Executed statement: create table leaderboard( wins int(10), losses int(10), game_name VARCHAR(64), gamertag VARCHAR(64), platform VARCHAR(64) )
2015-11-23 21:12:21,111 AWT-EventQueue-0 INFO  ui.PersonasDialog (PersonasDialog.java:63) - Creating personas dialog.
2015-11-23 21:13:04,503 AWT-EventQueue-0 INFO  ui.LeaderboardDialog (LeaderboardDialog.java:49) - Creating leaderboard dialog.
